빌드 시작: 2016-11-30 오후 6:45:32
     1>2 노드의 "C:\Users\LG PC\Desktop\3D 포폴 git\nanami2\nanami\Tera\Dx3D\Dx3D.vcxproj" 프로젝트(Build 대상)입니다.
     1>ClCompile:
         C:\Program Files (x86)\Microsoft Visual Studio 12.0\VC\bin\CL.exe /c /ZI /nologo /W3 /WX- /Od /Oy- /D WIN32 /D _DEBUG /D _WINDOWS /D _MBCS /Gm /EHsc /RTC1 /MDd /GS /fp:precise /Zc:wchar_t /Zc:forScope /Yc"stdafx.h" /Fp"Debug\Dx3D.pch" /Fo"Debug\\" /Fd"Debug\vc120.pdb" /Gd /TP /analyze- /errorReport:prompt stdafx.cpp
         stdafx.cpp
         C:\Program Files (x86)\Microsoft Visual Studio 12.0\VC\bin\CL.exe /c /ZI /nologo /W3 /WX- /Od /Oy- /D WIN32 /D _DEBUG /D _WINDOWS /D _MBCS /Gm /EHsc /RTC1 /MDd /GS /fp:precise /Zc:wchar_t /Zc:forScope /Yu"stdafx.h" /Fp"Debug\Dx3D.pch" /Fo"Debug\\" /Fd"Debug\vc120.pdb" /Gd /TP /analyze- /errorReport:prompt cAction.cpp cActionMove.cpp cActionRepeat.cpp cActionSeq.cpp cAllocateHierarchy.cpp cAseLoader.cpp cAutoReleasePool.cpp cBody.cpp cCamera.cpp cCharController.cpp cCube.cpp cDeviceManager.cpp cEffect.cpp cEffectManager.cpp cFace.cpp cFontManager.cpp cFrame.cpp cGameObject.cpp cGrid.cpp cGroup.cpp cHair.cpp cKeyManager.cpp cMainGame.cpp cMap.cpp cMapAllocateHierarchy.cpp cMapSkinnedMesh.cpp cMtlTex.cpp cOBB.cpp cObject.cpp cObjectPool.cpp cObjLoader.cpp cObjMap.cpp cPlayer.cpp cPyramid.cpp cRawLoader.cpp cRay.cpp cSkinnedMesh.cpp cSkinnedMeshManager.cpp cSkyBox.cpp cSokobanChar.cpp cTail.cpp cTerrain.cpp cTextureManager.cpp cTimeManager.cpp cUIButton.cpp cUIImageView.cpp cUIObject.cpp cUITextView.cpp cWeapon.cpp cWeaponTest.cpp Dx3D.cpp iMap.cpp
         iMap.cpp
         Dx3D.cpp
         cWeaponTest.cpp
         cWeapon.cpp
         cUITextView.cpp
     1>c:\users\lg pc\desktop\3d 포폴 git\nanami2\nanami\tera\dx3d\cuitextview.cpp(25): warning C4244: '인수' : 'float'에서 'int'(으)로 변환하면서 데이터가 손실될 수 있습니다.
         cUIObject.cpp
         cUIImageView.cpp
     1>c:\users\lg pc\desktop\3d 포폴 git\nanami2\nanami\tera\dx3d\cuiimageview.cpp(18): warning C4244: '인수' : 'float'에서 'int'(으)로 변환하면서 데이터가 손실될 수 있습니다.
         cUIButton.cpp
     1>c:\users\lg pc\desktop\3d 포폴 git\nanami2\nanami\tera\dx3d\cuibutton.cpp(41): warning C4244: '=' : 'UINT'에서 'float'(으)로 변환하면서 데이터가 손실될 수 있습니다.
     1>c:\users\lg pc\desktop\3d 포폴 git\nanami2\nanami\tera\dx3d\cuibutton.cpp(42): warning C4244: '=' : 'UINT'에서 'float'(으)로 변환하면서 데이터가 손실될 수 있습니다.
     1>c:\users\lg pc\desktop\3d 포폴 git\nanami2\nanami\tera\dx3d\cuibutton.cpp(58): warning C4244: '인수' : 'float'에서 'int'(으)로 변환하면서 데이터가 손실될 수 있습니다.
     1>c:\users\lg pc\desktop\3d 포폴 git\nanami2\nanami\tera\dx3d\cuibutton.cpp(94): warning C4244: '인수' : 'float'에서 'int'(으)로 변환하면서 데이터가 손실될 수 있습니다.
         cTimeManager.cpp
         cTextureManager.cpp
         cTerrain.cpp
     1>c:\users\lg pc\desktop\3d 포폴 git\nanami2\nanami\tera\dx3d\cterrain.cpp(49): warning C4018: '<' : signed 또는 unsigned가 일치하지 않습니다.
     1>c:\users\lg pc\desktop\3d 포폴 git\nanami2\nanami\tera\dx3d\cterrain.cpp(106): warning C4244: '인수' : 'float'에서 'unsigned int'(으)로 변환하면서 데이터가 손실될 수 있습니다.
     1>c:\users\lg pc\desktop\3d 포폴 git\nanami2\nanami\tera\dx3d\cterrain.cpp(107): warning C4244: '인수' : 'float'에서 'unsigned int'(으)로 변환하면서 데이터가 손실될 수 있습니다.
     1>c:\users\lg pc\desktop\3d 포폴 git\nanami2\nanami\tera\dx3d\cterrain.cpp(108): warning C4244: '인수' : 'float'에서 'unsigned int'(으)로 변환하면서 데이터가 손실될 수 있습니다.
     1>c:\users\lg pc\desktop\3d 포폴 git\nanami2\nanami\tera\dx3d\cterrain.cpp(109): warning C4244: '인수' : 'float'에서 'unsigned int'(으)로 변환하면서 데이터가 손실될 수 있습니다.
         cTail.cpp
         cSokobanChar.cpp
         cSkyBox.cpp
     1>c:\users\lg pc\desktop\3d 포폴 git\nanami2\nanami\tera\dx3d\cskybox.cpp(14): warning C4154: 배열 식을 삭제했습니다. 포인터로 변환이 제공됩니다.
         cSkinnedMeshManager.cpp
         cSkinnedMesh.cpp
         cRay.cpp
         cRawLoader.cpp
         cPyramid.cpp
         cPlayer.cpp
         코드를 생성하고 있습니다...
         컴파일하고 있습니다...
         cObjMap.cpp
     1>c:\users\lg pc\desktop\3d 포폴 git\nanami2\nanami\tera\dx3d\cobjmap.cpp(104): warning C4305: '인수' : 'double'에서 'FLOAT'(으)로 잘립니다.
         cObjLoader.cpp
         cObjectPool.cpp
         cObject.cpp
         cOBB.cpp
         cMtlTex.cpp
         cMapSkinnedMesh.cpp
         cMapAllocateHierarchy.cpp
     1>c:\users\lg pc\desktop\3d 포폴 git\nanami2\nanami\tera\dx3d\cmapallocatehierarchy.cpp(15): warning C4316: 'MAP_ST_BONE': 힙에 할당된 개체가 16에 맞추어져 있지 않을 수도 있습니다
         cMap.cpp
         cMainGame.cpp
     1>c:\users\lg pc\desktop\3d 포폴 git\nanami2\nanami\tera\dx3d\cmaingame.cpp(73): warning C4316: 'cSkyBox': 힙에 할당된 개체가 16에 맞추어져 있지 않을 수도 있습니다
     1>c:\users\lg pc\desktop\3d 포폴 git\nanami2\nanami\tera\dx3d\cmaingame.cpp(87): warning C4244: '인수' : 'int'에서 'FLOAT'(으)로 변환하면서 데이터가 손실될 수 있습니다.
     1>c:\users\lg pc\desktop\3d 포폴 git\nanami2\nanami\tera\dx3d\cmaingame.cpp(96): warning C4316: 'cCharController': 힙에 할당된 개체가 16에 맞추어져 있지 않을 수도 있습니다
     1>c:\users\lg pc\desktop\3d 포폴 git\nanami2\nanami\tera\dx3d\cmaingame.cpp(254): warning C4996: 'sprintf': This function or variable may be unsafe. Consider using sprintf_s instead. To disable deprecation, use _CRT_SECURE_NO_WARNINGS. See online help for details.
                 c:\program files (x86)\microsoft visual studio 12.0\vc\include\stdio.h(356) : 'sprintf' 선언을 참조하십시오.
         cKeyManager.cpp
         cHair.cpp
         cGroup.cpp
         cGrid.cpp
     1>c:\users\lg pc\desktop\3d 포폴 git\nanami2\nanami\tera\dx3d\cgrid.cpp(87): warning C4316: 'cPyramid': 힙에 할당된 개체가 16에 맞추어져 있지 않을 수도 있습니다
     1>c:\users\lg pc\desktop\3d 포폴 git\nanami2\nanami\tera\dx3d\cgrid.cpp(95): warning C4316: 'cPyramid': 힙에 할당된 개체가 16에 맞추어져 있지 않을 수도 있습니다
     1>c:\users\lg pc\desktop\3d 포폴 git\nanami2\nanami\tera\dx3d\cgrid.cpp(103): warning C4316: 'cPyramid': 힙에 할당된 개체가 16에 맞추어져 있지 않을 수도 있습니다
         cGameObject.cpp
         cFrame.cpp
         cFontManager.cpp
         cFace.cpp
         cEffectManager.cpp
     1>c:\users\lg pc\desktop\3d 포폴 git\nanami2\nanami\tera\dx3d\ceffectmanager.cpp(48): warning C4316: 'cEffect': 힙에 할당된 개체가 16에 맞추어져 있지 않을 수도 있습니다
     1>c:\users\lg pc\desktop\3d 포폴 git\nanami2\nanami\tera\dx3d\ceffectmanager.cpp(58): warning C4316: 'cEffect': 힙에 할당된 개체가 16에 맞추어져 있지 않을 수도 있습니다
         cEffect.cpp
         코드를 생성하고 있습니다...
         컴파일하고 있습니다...
         cDeviceManager.cpp
         cCube.cpp
         cCharController.cpp
         cCamera.cpp
     1>c:\users\lg pc\desktop\3d 포폴 git\nanami2\nanami\tera\dx3d\ccamera.cpp(68): warning C4305: '인수' : 'double'에서 'FLOAT'(으)로 잘립니다.
         cBody.cpp
         cAutoReleasePool.cpp
         cAseLoader.cpp
     1>c:\users\lg pc\desktop\3d 포폴 git\nanami2\nanami\tera\dx3d\caseloader.cpp(239): warning C4316: 'cFrame': 힙에 할당된 개체가 16에 맞추어져 있지 않을 수도 있습니다
         cAllocateHierarchy.cpp
     1>c:\users\lg pc\desktop\3d 포폴 git\nanami2\nanami\tera\dx3d\callocatehierarchy.cpp(21): warning C4316: 'ST_BONE': 힙에 할당된 개체가 16에 맞추어져 있지 않을 수도 있습니다
     1>c:\users\lg pc\desktop\3d 포폴 git\nanami2\nanami\tera\dx3d\callocatehierarchy.cpp(28): warning C4996: 'strcpy': This function or variable may be unsafe. Consider using strcpy_s instead. To disable deprecation, use _CRT_SECURE_NO_WARNINGS. See online help for details.
                 c:\program files (x86)\microsoft visual studio 12.0\vc\include\string.h(112) : 'strcpy' 선언을 참조하십시오.
         cActionSeq.cpp
     1>c:\users\lg pc\desktop\3d 포폴 git\nanami2\nanami\tera\dx3d\cactionseq.cpp(28): warning C4018: '<' : signed 또는 unsigned가 일치하지 않습니다.
     1>c:\users\lg pc\desktop\3d 포폴 git\nanami2\nanami\tera\dx3d\cactionseq.cpp(39): warning C4018: '<' : signed 또는 unsigned가 일치하지 않습니다.
         cActionRepeat.cpp
         cActionMove.cpp
         cAction.cpp
         코드를 생성하고 있습니다...
       ResourceCompile:
         C:\Program Files (x86)\Windows Kits\8.1\bin\x86\rc.exe /l"0x0409" /nologo /fo"Debug\Dx3D.res" Dx3D.rc 
       Link:
         C:\Program Files (x86)\Microsoft Visual Studio 12.0\VC\bin\link.exe /ERRORREPORT:PROMPT /OUT:"C:\Users\LG PC\Desktop\3D 포폴 git\nanami2\nanami\Tera\Debug\Dx3D.exe" /INCREMENTAL /NOLOGO d3dx10d.lib d3dx9d.lib dxerr.lib dxguid.lib winmm.lib comctl32.lib kernel32.lib user32.lib gdi32.lib winspool.lib comdlg32.lib advapi32.lib shell32.lib ole32.lib oleaut32.lib uuid.lib odbc32.lib odbccp32.lib kernel32.lib user32.lib gdi32.lib winspool.lib comdlg32.lib advapi32.lib shell32.lib ole32.lib oleaut32.lib uuid.lib odbc32.lib odbccp32.lib d3dx10d.lib d3dx9d.lib dxerr.lib dxguid.lib winmm.lib comctl32.lib /MANIFEST /MANIFESTUAC:"level='asInvoker' uiAccess='false'" /manifest:embed /DEBUG /PDB:"C:\Users\LG PC\Desktop\3D 포폴 git\nanami2\nanami\Tera\Debug\Dx3D.pdb" /SUBSYSTEM:WINDOWS /TLBID:1 /DYNAMICBASE /NXCOMPAT /IMPLIB:"C:\Users\LG PC\Desktop\3D 포폴 git\nanami2\nanami\Tera\Debug\Dx3D.lib" /MACHINE:X86 Debug\Dx3D.res
         Debug\cAction.obj
         Debug\cActionMove.obj
         Debug\cActionRepeat.obj
         Debug\cActionSeq.obj
         Debug\cAllocateHierarchy.obj
         Debug\cAseLoader.obj
         Debug\cAutoReleasePool.obj
         Debug\cBody.obj
         Debug\cCamera.obj
         Debug\cCharController.obj
         Debug\cCube.obj
         Debug\cDeviceManager.obj
         Debug\cEffect.obj
         Debug\cEffectManager.obj
         Debug\cFace.obj
         Debug\cFontManager.obj
         Debug\cFrame.obj
         Debug\cGameObject.obj
         Debug\cGrid.obj
         Debug\cGroup.obj
         Debug\cHair.obj
         Debug\cKeyManager.obj
         Debug\cMainGame.obj
         Debug\cMap.obj
         Debug\cMapAllocateHierarchy.obj
         Debug\cMapSkinnedMesh.obj
         Debug\cMtlTex.obj
         Debug\cOBB.obj
         Debug\cObject.obj
         Debug\cObjectPool.obj
         Debug\cObjLoader.obj
         Debug\cObjMap.obj
         Debug\cPlayer.obj
         Debug\cPyramid.obj
         Debug\cRawLoader.obj
         Debug\cRay.obj
         Debug\cSkinnedMesh.obj
         Debug\cSkinnedMeshManager.obj
         Debug\cSkyBox.obj
         Debug\cSokobanChar.obj
         Debug\cTail.obj
         Debug\cTerrain.obj
         Debug\cTextureManager.obj
         Debug\cTimeManager.obj
         Debug\cUIButton.obj
         Debug\cUIImageView.obj
         Debug\cUIObject.obj
         Debug\cUITextView.obj
         Debug\cWeapon.obj
         Debug\cWeaponTest.obj
         Debug\Dx3D.obj
         Debug\iMap.obj
         Debug\stdafx.obj
         Dx3D.vcxproj -> C:\Users\LG PC\Desktop\3D 포폴 git\nanami2\nanami\Tera\Debug\Dx3D.exe
     1>"C:\Users\LG PC\Desktop\3D 포폴 git\nanami2\nanami\Tera\Dx3D\Dx3D.vcxproj" 프로젝트를 빌드했습니다(Build 대상).

빌드했습니다.

경과 시간: 00:00:24.72
